<?xml version="1.0" encoding="UTF-8"?>
<!-- Generated by org.testng.reporters.JUnitReportReporter -->
<testsuite hostname="DESKTOP-06DH074" failures="0" tests="1" name="cucumberOptions.TestNGTestRunner" time="0.121" errors="0" timestamp="2022-09-29T13:22:12 IST" skipped="0">
  <testcase classname="cucumberOptions.TestNGTestRunner" name="runScenario" time="0.121"/>
  <system-out/>
</testsuite> <!-- cucumberOptions.TestNGTestRunner -->
